[2024-04-27 10:30:45,042: INFO: main: Logging info]
[2024-04-27 10:42:09,604: INFO: main: Logging info]
[2024-04-28 16:09:17,990: INFO: common: yaml file: config\config.yaml loaded successfully]
[2024-04-28 16:10:06,317: INFO: common: yaml file: config\config.yaml loaded successfully]
[2024-04-28 16:10:06,319: INFO: common: yaml file: param.yaml loaded successfully]
[2024-04-28 16:10:06,324: INFO: common: yaml file: schema.yaml loaded successfully]
[2024-04-28 16:10:06,326: INFO: common: created directory at: artifacts]
[2024-04-28 16:10:06,328: INFO: common: created directory at: artifacts/data_ingestion]
[2024-04-28 16:10:07,505: INFO: 1268487314: artifacts/data_ingestion/data.zip download! with following info: 
Connection: close
Content-Length: 23329
Cache-Control: max-age=300
Content-Security-Policy: default-src 'none'; style-src 'unsafe-inline'; sandbox
Content-Type: application/zip
ETag: "c69888a4ae59bc5a893392785a938ccd4937981c06ba8a9d6a21aa52b4ab5b6e"
Strict-Transport-Security: max-age=31536000
X-Content-Type-Options: nosniff
X-Frame-Options: deny
X-XSS-Protection: 1; mode=block
X-GitHub-Request-Id: 2D30:16DCE2:1B5F73:20C1BB:662E2787
Accept-Ranges: bytes
Date: Sun, 28 Apr 2024 10:40:09 GMT
Via: 1.1 varnish
X-Served-By: cache-bom4745-BOM
X-Cache: MISS
X-Cache-Hits: 0
X-Timer: S1714300809.315846,VS0,VE357
Vary: Authorization,Accept-Encoding,Origin
Access-Control-Allow-Origin: *
Cross-Origin-Resource-Policy: cross-origin
X-Fastly-Request-ID: 9f8f3c387863e8f67c13c02eacaf01ffc6321ea1
Expires: Sun, 28 Apr 2024 10:45:09 GMT
Source-Age: 0

]
[2024-04-28 16:24:46,587: INFO: main: >>>>>> stage Data Ingestion stage started <<<<<<]
[2024-04-28 16:24:46,587: INFO: main: >>>>>> stage Data Ingestion stage started <<<<<<]
[2024-04-28 16:24:46,592: INFO: common: yaml file: config\config.yaml loaded successfully]
[2024-04-28 16:24:46,592: INFO: common: yaml file: config\config.yaml loaded successfully]
[2024-04-28 16:24:46,593: INFO: common: yaml file: param.yaml loaded successfully]
[2024-04-28 16:24:46,593: INFO: common: yaml file: param.yaml loaded successfully]
[2024-04-28 16:24:46,597: INFO: common: yaml file: schema.yaml loaded successfully]
[2024-04-28 16:24:46,597: INFO: common: yaml file: schema.yaml loaded successfully]
[2024-04-28 16:24:46,599: INFO: common: created directory at: artifacts]
[2024-04-28 16:24:46,599: INFO: common: created directory at: artifacts]
[2024-04-28 16:24:46,600: INFO: common: created directory at: artifacts/data_ingestion]
[2024-04-28 16:24:46,600: INFO: common: created directory at: artifacts/data_ingestion]
[2024-04-28 16:24:47,654: INFO: data_ingestion: artifacts/data_ingestion/data.zip download! with following info: 
Connection: close
Content-Length: 23329
Cache-Control: max-age=300
Content-Security-Policy: default-src 'none'; style-src 'unsafe-inline'; sandbox
Content-Type: application/zip
ETag: "c69888a4ae59bc5a893392785a938ccd4937981c06ba8a9d6a21aa52b4ab5b6e"
Strict-Transport-Security: max-age=31536000
X-Content-Type-Options: nosniff
X-Frame-Options: deny
X-XSS-Protection: 1; mode=block
X-GitHub-Request-Id: 2D30:16DCE2:1B5F73:20C1BB:662E2787
Accept-Ranges: bytes
Date: Sun, 28 Apr 2024 10:54:49 GMT
Via: 1.1 varnish
X-Served-By: cache-bom4727-BOM
X-Cache: HIT
X-Cache-Hits: 0
X-Timer: S1714301690.572066,VS0,VE246
Vary: Authorization,Accept-Encoding,Origin
Access-Control-Allow-Origin: *
Cross-Origin-Resource-Policy: cross-origin
X-Fastly-Request-ID: 9b4574278f64d9df74a181a2bf17d4901f0511b5
Expires: Sun, 28 Apr 2024 10:59:49 GMT
Source-Age: 0

]
[2024-04-28 16:24:47,654: INFO: data_ingestion: artifacts/data_ingestion/data.zip download! with following info: 
Connection: close
Content-Length: 23329
Cache-Control: max-age=300
Content-Security-Policy: default-src 'none'; style-src 'unsafe-inline'; sandbox
Content-Type: application/zip
ETag: "c69888a4ae59bc5a893392785a938ccd4937981c06ba8a9d6a21aa52b4ab5b6e"
Strict-Transport-Security: max-age=31536000
X-Content-Type-Options: nosniff
X-Frame-Options: deny
X-XSS-Protection: 1; mode=block
X-GitHub-Request-Id: 2D30:16DCE2:1B5F73:20C1BB:662E2787
Accept-Ranges: bytes
Date: Sun, 28 Apr 2024 10:54:49 GMT
Via: 1.1 varnish
X-Served-By: cache-bom4727-BOM
X-Cache: HIT
X-Cache-Hits: 0
X-Timer: S1714301690.572066,VS0,VE246
Vary: Authorization,Accept-Encoding,Origin
Access-Control-Allow-Origin: *
Cross-Origin-Resource-Policy: cross-origin
X-Fastly-Request-ID: 9b4574278f64d9df74a181a2bf17d4901f0511b5
Expires: Sun, 28 Apr 2024 10:59:49 GMT
Source-Age: 0

]
[2024-04-28 16:24:47,668: INFO: main: >>>>>> stage Data Ingestion stage completed <<<<<<

x==========x]
[2024-04-28 16:24:47,668: INFO: main: >>>>>> stage Data Ingestion stage completed <<<<<<

x==========x]
[2024-04-28 17:02:33,217: INFO: common: yaml file: config\config.yaml loaded successfully]
[2024-04-28 17:02:33,228: INFO: common: yaml file: param.yaml loaded successfully]
[2024-04-28 17:02:33,233: INFO: common: yaml file: schema.yaml loaded successfully]
[2024-04-28 17:02:33,236: INFO: common: created directory at: artifacts]
[2024-04-28 17:02:33,236: INFO: common: created directory at: artifacts/data_validation]
[2024-04-28 17:10:28,494: INFO: main: >>>>>> stage Data Ingestion stage started <<<<<<]
[2024-04-28 17:10:28,494: INFO: main: >>>>>> stage Data Ingestion stage started <<<<<<]
[2024-04-28 17:10:28,509: INFO: common: yaml file: config\config.yaml loaded successfully]
[2024-04-28 17:10:28,509: INFO: common: yaml file: config\config.yaml loaded successfully]
[2024-04-28 17:10:28,513: INFO: common: yaml file: param.yaml loaded successfully]
[2024-04-28 17:10:28,513: INFO: common: yaml file: param.yaml loaded successfully]
[2024-04-28 17:10:28,522: INFO: common: yaml file: schema.yaml loaded successfully]
[2024-04-28 17:10:28,522: INFO: common: yaml file: schema.yaml loaded successfully]
[2024-04-28 17:10:28,527: INFO: common: created directory at: artifacts]
[2024-04-28 17:10:28,527: INFO: common: created directory at: artifacts]
[2024-04-28 17:10:28,529: ERROR: main: 'ConfigurationManager' object has no attribute 'get_data_ingestion_config']
Traceback (most recent call last):
  File "D:\languages\python\MLOps\wine_quality_project\main.py", line 16, in <module>
    data_ingestion.main()
  File "D:\languages\python\MLOps\wine_quality_project\src\wine_quality_prediction\pipeline\stage_01_data_ingestion.py", line 16, in main
    data_ingestion_config = config.get_data_ingestion_config()
AttributeError: 'ConfigurationManager' object has no attribute 'get_data_ingestion_config'
[2024-04-28 17:10:28,529: ERROR: main: 'ConfigurationManager' object has no attribute 'get_data_ingestion_config']
Traceback (most recent call last):
  File "D:\languages\python\MLOps\wine_quality_project\main.py", line 16, in <module>
    data_ingestion.main()
  File "D:\languages\python\MLOps\wine_quality_project\src\wine_quality_prediction\pipeline\stage_01_data_ingestion.py", line 16, in main
    data_ingestion_config = config.get_data_ingestion_config()
AttributeError: 'ConfigurationManager' object has no attribute 'get_data_ingestion_config'
[2024-04-28 17:24:25,296: INFO: main: >>>>>> stage Data Ingestion stage started <<<<<<]
[2024-04-28 17:24:25,296: INFO: main: >>>>>> stage Data Ingestion stage started <<<<<<]
[2024-04-28 17:24:25,305: INFO: common: yaml file: config\config.yaml loaded successfully]
[2024-04-28 17:24:25,305: INFO: common: yaml file: config\config.yaml loaded successfully]
[2024-04-28 17:24:25,310: INFO: common: yaml file: param.yaml loaded successfully]
[2024-04-28 17:24:25,310: INFO: common: yaml file: param.yaml loaded successfully]
[2024-04-28 17:24:25,321: INFO: common: yaml file: schema.yaml loaded successfully]
[2024-04-28 17:24:25,321: INFO: common: yaml file: schema.yaml loaded successfully]
[2024-04-28 17:24:25,321: INFO: common: created directory at: artifacts]
[2024-04-28 17:24:25,321: INFO: common: created directory at: artifacts]
[2024-04-28 17:24:25,321: INFO: common: created directory at: artifacts/data_ingestion]
[2024-04-28 17:24:25,321: INFO: common: created directory at: artifacts/data_ingestion]
[2024-04-28 17:24:27,469: INFO: data_ingestion: artifacts/data_ingestion/data.zip download! with following info: 
Connection: close
Content-Length: 23329
Cache-Control: max-age=300
Content-Security-Policy: default-src 'none'; style-src 'unsafe-inline'; sandbox
Content-Type: application/zip
ETag: "c69888a4ae59bc5a893392785a938ccd4937981c06ba8a9d6a21aa52b4ab5b6e"
Strict-Transport-Security: max-age=31536000
X-Content-Type-Options: nosniff
X-Frame-Options: deny
X-XSS-Protection: 1; mode=block
X-GitHub-Request-Id: 2D30:16DCE2:1B5F73:20C1BB:662E2787
Accept-Ranges: bytes
Date: Sun, 28 Apr 2024 11:54:29 GMT
Via: 1.1 varnish
X-Served-By: cache-bom4742-BOM
X-Cache: HIT
X-Cache-Hits: 0
X-Timer: S1714305269.251251,VS0,VE333
Vary: Authorization,Accept-Encoding,Origin
Access-Control-Allow-Origin: *
Cross-Origin-Resource-Policy: cross-origin
X-Fastly-Request-ID: 2cfddf64226e69dcd992c164a4be653789c66039
Expires: Sun, 28 Apr 2024 11:59:29 GMT
Source-Age: 0

]
[2024-04-28 17:24:27,469: INFO: data_ingestion: artifacts/data_ingestion/data.zip download! with following info: 
Connection: close
Content-Length: 23329
Cache-Control: max-age=300
Content-Security-Policy: default-src 'none'; style-src 'unsafe-inline'; sandbox
Content-Type: application/zip
ETag: "c69888a4ae59bc5a893392785a938ccd4937981c06ba8a9d6a21aa52b4ab5b6e"
Strict-Transport-Security: max-age=31536000
X-Content-Type-Options: nosniff
X-Frame-Options: deny
X-XSS-Protection: 1; mode=block
X-GitHub-Request-Id: 2D30:16DCE2:1B5F73:20C1BB:662E2787
Accept-Ranges: bytes
Date: Sun, 28 Apr 2024 11:54:29 GMT
Via: 1.1 varnish
X-Served-By: cache-bom4742-BOM
X-Cache: HIT
X-Cache-Hits: 0
X-Timer: S1714305269.251251,VS0,VE333
Vary: Authorization,Accept-Encoding,Origin
Access-Control-Allow-Origin: *
Cross-Origin-Resource-Policy: cross-origin
X-Fastly-Request-ID: 2cfddf64226e69dcd992c164a4be653789c66039
Expires: Sun, 28 Apr 2024 11:59:29 GMT
Source-Age: 0

]
[2024-04-28 17:24:27,484: INFO: main: >>>>>> stage Data Ingestion stage completed <<<<<<

x==========x]
[2024-04-28 17:24:27,484: INFO: main: >>>>>> stage Data Ingestion stage completed <<<<<<

x==========x]
[2024-04-28 17:24:27,490: INFO: main: >>>>>> stage Data Validation stage started <<<<<<]
[2024-04-28 17:24:27,490: INFO: main: >>>>>> stage Data Validation stage started <<<<<<]
[2024-04-28 17:24:27,503: INFO: common: yaml file: config\config.yaml loaded successfully]
[2024-04-28 17:24:27,503: INFO: common: yaml file: config\config.yaml loaded successfully]
[2024-04-28 17:24:27,509: INFO: common: yaml file: param.yaml loaded successfully]
[2024-04-28 17:24:27,509: INFO: common: yaml file: param.yaml loaded successfully]
[2024-04-28 17:24:27,519: INFO: common: yaml file: schema.yaml loaded successfully]
[2024-04-28 17:24:27,519: INFO: common: yaml file: schema.yaml loaded successfully]
[2024-04-28 17:24:27,521: INFO: common: created directory at: artifacts]
[2024-04-28 17:24:27,521: INFO: common: created directory at: artifacts]
[2024-04-28 17:24:27,521: INFO: common: created directory at: artifacts/data_validation]
[2024-04-28 17:24:27,521: INFO: common: created directory at: artifacts/data_validation]
[2024-04-28 17:24:27,545: INFO: main: >>>>>> stage Data Validation stage completed <<<<<<

x==========x]
[2024-04-28 17:24:27,545: INFO: main: >>>>>> stage Data Validation stage completed <<<<<<

x==========x]
[2024-04-28 17:34:08,030: INFO: common: yaml file: config\config.yaml loaded successfully]
[2024-04-28 17:34:08,035: INFO: common: yaml file: param.yaml loaded successfully]
[2024-04-28 17:34:08,041: INFO: common: yaml file: schema.yaml loaded successfully]
[2024-04-28 17:34:08,043: INFO: common: created directory at: artifacts]
[2024-04-28 17:34:08,045: INFO: common: created directory at: artifacts/data_transformation]
[2024-04-28 17:34:08,104: INFO: 2166998011: Splited data into training and test sets]
[2024-04-28 17:34:08,107: INFO: 2166998011: (1199, 12)]
[2024-04-28 17:34:08,109: INFO: 2166998011: (400, 12)]
[2024-04-28 18:38:45,973: INFO: main: >>>>>> stage Data Ingestion stage started <<<<<<]
[2024-04-28 18:38:45,973: INFO: main: >>>>>> stage Data Ingestion stage started <<<<<<]
[2024-04-28 18:38:45,984: INFO: common: yaml file: config\config.yaml loaded successfully]
[2024-04-28 18:38:45,984: INFO: common: yaml file: config\config.yaml loaded successfully]
[2024-04-28 18:38:45,986: INFO: common: yaml file: param.yaml loaded successfully]
[2024-04-28 18:38:45,986: INFO: common: yaml file: param.yaml loaded successfully]
[2024-04-28 18:38:45,996: INFO: common: yaml file: schema.yaml loaded successfully]
[2024-04-28 18:38:45,996: INFO: common: yaml file: schema.yaml loaded successfully]
[2024-04-28 18:38:45,997: INFO: common: created directory at: artifacts]
[2024-04-28 18:38:45,997: INFO: common: created directory at: artifacts]
[2024-04-28 18:38:45,999: INFO: common: created directory at: artifacts/data_ingestion]
[2024-04-28 18:38:45,999: INFO: common: created directory at: artifacts/data_ingestion]
[2024-04-28 18:38:47,587: INFO: data_ingestion: artifacts/data_ingestion/data.zip download! with following info: 
Connection: close
Content-Length: 23329
Cache-Control: max-age=300
Content-Security-Policy: default-src 'none'; style-src 'unsafe-inline'; sandbox
Content-Type: application/zip
ETag: "c69888a4ae59bc5a893392785a938ccd4937981c06ba8a9d6a21aa52b4ab5b6e"
Strict-Transport-Security: max-age=31536000
X-Content-Type-Options: nosniff
X-Frame-Options: deny
X-XSS-Protection: 1; mode=block
X-GitHub-Request-Id: 7BA8:2A2DDE:43E69C:514591:662E4A5E
Accept-Ranges: bytes
Date: Sun, 28 Apr 2024 13:08:47 GMT
Via: 1.1 varnish
X-Served-By: cache-bom4726-BOM
X-Cache: MISS
X-Cache-Hits: 0
X-Timer: S1714309727.243182,VS0,VE312
Vary: Authorization,Accept-Encoding,Origin
Access-Control-Allow-Origin: *
Cross-Origin-Resource-Policy: cross-origin
X-Fastly-Request-ID: 613b0ae018020e69890ea323797a6178d80881ea
Expires: Sun, 28 Apr 2024 13:13:47 GMT
Source-Age: 0

]
[2024-04-28 18:38:47,587: INFO: data_ingestion: artifacts/data_ingestion/data.zip download! with following info: 
Connection: close
Content-Length: 23329
Cache-Control: max-age=300
Content-Security-Policy: default-src 'none'; style-src 'unsafe-inline'; sandbox
Content-Type: application/zip
ETag: "c69888a4ae59bc5a893392785a938ccd4937981c06ba8a9d6a21aa52b4ab5b6e"
Strict-Transport-Security: max-age=31536000
X-Content-Type-Options: nosniff
X-Frame-Options: deny
X-XSS-Protection: 1; mode=block
X-GitHub-Request-Id: 7BA8:2A2DDE:43E69C:514591:662E4A5E
Accept-Ranges: bytes
Date: Sun, 28 Apr 2024 13:08:47 GMT
Via: 1.1 varnish
X-Served-By: cache-bom4726-BOM
X-Cache: MISS
X-Cache-Hits: 0
X-Timer: S1714309727.243182,VS0,VE312
Vary: Authorization,Accept-Encoding,Origin
Access-Control-Allow-Origin: *
Cross-Origin-Resource-Policy: cross-origin
X-Fastly-Request-ID: 613b0ae018020e69890ea323797a6178d80881ea
Expires: Sun, 28 Apr 2024 13:13:47 GMT
Source-Age: 0

]
[2024-04-28 18:38:47,604: INFO: main: >>>>>> stage Data Ingestion stage completed <<<<<<

x==========x]
[2024-04-28 18:38:47,604: INFO: main: >>>>>> stage Data Ingestion stage completed <<<<<<

x==========x]
[2024-04-28 18:38:47,606: INFO: main: >>>>>> stage Data Validation stage started <<<<<<]
[2024-04-28 18:38:47,606: INFO: main: >>>>>> stage Data Validation stage started <<<<<<]
[2024-04-28 18:38:47,616: INFO: common: yaml file: config\config.yaml loaded successfully]
[2024-04-28 18:38:47,616: INFO: common: yaml file: config\config.yaml loaded successfully]
[2024-04-28 18:38:47,618: INFO: common: yaml file: param.yaml loaded successfully]
[2024-04-28 18:38:47,618: INFO: common: yaml file: param.yaml loaded successfully]
[2024-04-28 18:38:47,624: INFO: common: yaml file: schema.yaml loaded successfully]
[2024-04-28 18:38:47,624: INFO: common: yaml file: schema.yaml loaded successfully]
[2024-04-28 18:38:47,629: INFO: common: created directory at: artifacts]
[2024-04-28 18:38:47,629: INFO: common: created directory at: artifacts]
[2024-04-28 18:38:47,629: INFO: common: created directory at: artifacts/data_validation]
[2024-04-28 18:38:47,629: INFO: common: created directory at: artifacts/data_validation]
[2024-04-28 18:38:47,649: INFO: main: >>>>>> stage Data Validation stage completed <<<<<<

x==========x]
[2024-04-28 18:38:47,649: INFO: main: >>>>>> stage Data Validation stage completed <<<<<<

x==========x]
[2024-04-28 18:38:47,650: INFO: main: >>>>>> stage Data Transformation stage started <<<<<<]
[2024-04-28 18:38:47,650: INFO: main: >>>>>> stage Data Transformation stage started <<<<<<]
[2024-04-28 18:38:47,657: INFO: common: yaml file: config\config.yaml loaded successfully]
[2024-04-28 18:38:47,657: INFO: common: yaml file: config\config.yaml loaded successfully]
[2024-04-28 18:38:47,664: INFO: common: yaml file: param.yaml loaded successfully]
[2024-04-28 18:38:47,664: INFO: common: yaml file: param.yaml loaded successfully]
[2024-04-28 18:38:47,671: INFO: common: yaml file: schema.yaml loaded successfully]
[2024-04-28 18:38:47,671: INFO: common: yaml file: schema.yaml loaded successfully]
[2024-04-28 18:38:47,674: INFO: common: created directory at: artifacts]
[2024-04-28 18:38:47,674: INFO: common: created directory at: artifacts]
[2024-04-28 18:38:47,676: INFO: common: created directory at: artifacts/data_transformation]
[2024-04-28 18:38:47,676: INFO: common: created directory at: artifacts/data_transformation]
[2024-04-28 18:38:47,711: INFO: data_transformation: Splited data into training and test sets]
[2024-04-28 18:38:47,711: INFO: data_transformation: Splited data into training and test sets]
[2024-04-28 18:38:47,718: INFO: data_transformation: (1199, 12)]
[2024-04-28 18:38:47,718: INFO: data_transformation: (1199, 12)]
[2024-04-28 18:38:47,720: INFO: data_transformation: (400, 12)]
[2024-04-28 18:38:47,720: INFO: data_transformation: (400, 12)]
[2024-04-28 18:38:47,722: INFO: main: >>>>>> stage Data Transformation stage completed <<<<<<

x==========x]
[2024-04-28 18:38:47,722: INFO: main: >>>>>> stage Data Transformation stage completed <<<<<<

x==========x]
[2024-04-28 19:20:19,657: INFO: common: yaml file: config\config.yaml loaded successfully]
[2024-04-28 19:20:19,660: INFO: common: yaml file: param.yaml loaded successfully]
[2024-04-28 19:20:19,666: INFO: common: yaml file: schema.yaml loaded successfully]
[2024-04-28 19:20:19,668: INFO: common: created directory at: artifacts]
[2024-04-28 19:20:19,669: INFO: common: created directory at: artifacts/model_trainer]
[2024-04-28 19:29:30,516: INFO: main: >>>>>> stage Data Ingestion stage started <<<<<<]
[2024-04-28 19:29:30,516: INFO: main: >>>>>> stage Data Ingestion stage started <<<<<<]
[2024-04-28 19:29:30,522: INFO: common: yaml file: config\config.yaml loaded successfully]
[2024-04-28 19:29:30,522: INFO: common: yaml file: config\config.yaml loaded successfully]
[2024-04-28 19:29:30,525: INFO: common: yaml file: param.yaml loaded successfully]
[2024-04-28 19:29:30,525: INFO: common: yaml file: param.yaml loaded successfully]
[2024-04-28 19:29:30,530: INFO: common: yaml file: schema.yaml loaded successfully]
[2024-04-28 19:29:30,530: INFO: common: yaml file: schema.yaml loaded successfully]
[2024-04-28 19:29:30,532: INFO: common: created directory at: artifacts]
[2024-04-28 19:29:30,532: INFO: common: created directory at: artifacts]
[2024-04-28 19:29:30,533: INFO: common: created directory at: artifacts/data_ingestion]
[2024-04-28 19:29:30,533: INFO: common: created directory at: artifacts/data_ingestion]
[2024-04-28 19:29:31,801: INFO: data_ingestion: artifacts/data_ingestion/data.zip download! with following info: 
Connection: close
Content-Length: 23329
Cache-Control: max-age=300
Content-Security-Policy: default-src 'none'; style-src 'unsafe-inline'; sandbox
Content-Type: application/zip
ETag: "c69888a4ae59bc5a893392785a938ccd4937981c06ba8a9d6a21aa52b4ab5b6e"
Strict-Transport-Security: max-age=31536000
X-Content-Type-Options: nosniff
X-Frame-Options: deny
X-XSS-Protection: 1; mode=block
X-GitHub-Request-Id: 7BA8:2A2DDE:43E69C:514591:662E4A5E
Accept-Ranges: bytes
Date: Sun, 28 Apr 2024 13:59:31 GMT
Via: 1.1 varnish
X-Served-By: cache-bom4749-BOM
X-Cache: HIT
X-Cache-Hits: 0
X-Timer: S1714312771.465360,VS0,VE249
Vary: Authorization,Accept-Encoding,Origin
Access-Control-Allow-Origin: *
Cross-Origin-Resource-Policy: cross-origin
X-Fastly-Request-ID: c4d91411e9bcb672c864360bc7e5f4f5f7e57a8f
Expires: Sun, 28 Apr 2024 14:04:31 GMT
Source-Age: 0

]
[2024-04-28 19:29:31,801: INFO: data_ingestion: artifacts/data_ingestion/data.zip download! with following info: 
Connection: close
Content-Length: 23329
Cache-Control: max-age=300
Content-Security-Policy: default-src 'none'; style-src 'unsafe-inline'; sandbox
Content-Type: application/zip
ETag: "c69888a4ae59bc5a893392785a938ccd4937981c06ba8a9d6a21aa52b4ab5b6e"
Strict-Transport-Security: max-age=31536000
X-Content-Type-Options: nosniff
X-Frame-Options: deny
X-XSS-Protection: 1; mode=block
X-GitHub-Request-Id: 7BA8:2A2DDE:43E69C:514591:662E4A5E
Accept-Ranges: bytes
Date: Sun, 28 Apr 2024 13:59:31 GMT
Via: 1.1 varnish
X-Served-By: cache-bom4749-BOM
X-Cache: HIT
X-Cache-Hits: 0
X-Timer: S1714312771.465360,VS0,VE249
Vary: Authorization,Accept-Encoding,Origin
Access-Control-Allow-Origin: *
Cross-Origin-Resource-Policy: cross-origin
X-Fastly-Request-ID: c4d91411e9bcb672c864360bc7e5f4f5f7e57a8f
Expires: Sun, 28 Apr 2024 14:04:31 GMT
Source-Age: 0

]
[2024-04-28 19:29:31,810: INFO: main: >>>>>> stage Data Ingestion stage completed <<<<<<

x==========x]
[2024-04-28 19:29:31,810: INFO: main: >>>>>> stage Data Ingestion stage completed <<<<<<

x==========x]
[2024-04-28 19:29:31,811: INFO: main: >>>>>> stage Data Validation stage started <<<<<<]
[2024-04-28 19:29:31,811: INFO: main: >>>>>> stage Data Validation stage started <<<<<<]
[2024-04-28 19:29:31,818: INFO: common: yaml file: config\config.yaml loaded successfully]
[2024-04-28 19:29:31,818: INFO: common: yaml file: config\config.yaml loaded successfully]
[2024-04-28 19:29:31,819: INFO: common: yaml file: param.yaml loaded successfully]
[2024-04-28 19:29:31,819: INFO: common: yaml file: param.yaml loaded successfully]
[2024-04-28 19:29:31,822: INFO: common: yaml file: schema.yaml loaded successfully]
[2024-04-28 19:29:31,822: INFO: common: yaml file: schema.yaml loaded successfully]
[2024-04-28 19:29:31,824: INFO: common: created directory at: artifacts]
[2024-04-28 19:29:31,824: INFO: common: created directory at: artifacts]
[2024-04-28 19:29:31,825: INFO: common: created directory at: artifacts/data_validation]
[2024-04-28 19:29:31,825: INFO: common: created directory at: artifacts/data_validation]
[2024-04-28 19:29:31,835: INFO: main: >>>>>> stage Data Validation stage completed <<<<<<

x==========x]
[2024-04-28 19:29:31,835: INFO: main: >>>>>> stage Data Validation stage completed <<<<<<

x==========x]
[2024-04-28 19:29:31,836: INFO: main: >>>>>> stage Data Transformation stage started <<<<<<]
[2024-04-28 19:29:31,836: INFO: main: >>>>>> stage Data Transformation stage started <<<<<<]
[2024-04-28 19:29:31,842: INFO: common: yaml file: config\config.yaml loaded successfully]
[2024-04-28 19:29:31,842: INFO: common: yaml file: config\config.yaml loaded successfully]
[2024-04-28 19:29:31,844: INFO: common: yaml file: param.yaml loaded successfully]
[2024-04-28 19:29:31,844: INFO: common: yaml file: param.yaml loaded successfully]
[2024-04-28 19:29:31,848: INFO: common: yaml file: schema.yaml loaded successfully]
[2024-04-28 19:29:31,848: INFO: common: yaml file: schema.yaml loaded successfully]
[2024-04-28 19:29:31,851: INFO: common: created directory at: artifacts]
[2024-04-28 19:29:31,851: INFO: common: created directory at: artifacts]
[2024-04-28 19:29:31,852: INFO: common: created directory at: artifacts/data_transformation]
[2024-04-28 19:29:31,852: INFO: common: created directory at: artifacts/data_transformation]
[2024-04-28 19:29:31,875: INFO: data_transformation: Splited data into training and test sets]
[2024-04-28 19:29:31,875: INFO: data_transformation: Splited data into training and test sets]
[2024-04-28 19:29:31,876: INFO: data_transformation: (1199, 12)]
[2024-04-28 19:29:31,876: INFO: data_transformation: (1199, 12)]
[2024-04-28 19:29:31,877: INFO: data_transformation: (400, 12)]
[2024-04-28 19:29:31,877: INFO: data_transformation: (400, 12)]
[2024-04-28 19:29:31,879: INFO: main: >>>>>> stage Data Transformation stage completed <<<<<<

x==========x]
[2024-04-28 19:29:31,879: INFO: main: >>>>>> stage Data Transformation stage completed <<<<<<

x==========x]
[2024-04-28 19:29:31,880: INFO: main: >>>>>> stage Model Trainer stage started <<<<<<]
[2024-04-28 19:29:31,880: INFO: main: >>>>>> stage Model Trainer stage started <<<<<<]
[2024-04-28 19:29:31,880: ERROR: main: name 'ModelTrainerTrainingPipeline' is not defined]
Traceback (most recent call last):
  File "D:\languages\python\MLOps\wine_quality_project\main.py", line 51, in <module>
    data_ingestion = ModelTrainerTrainingPipeline()
NameError: name 'ModelTrainerTrainingPipeline' is not defined
[2024-04-28 19:29:31,880: ERROR: main: name 'ModelTrainerTrainingPipeline' is not defined]
Traceback (most recent call last):
  File "D:\languages\python\MLOps\wine_quality_project\main.py", line 51, in <module>
    data_ingestion = ModelTrainerTrainingPipeline()
NameError: name 'ModelTrainerTrainingPipeline' is not defined
[2024-04-28 19:29:57,583: INFO: main: >>>>>> stage Data Ingestion stage started <<<<<<]
[2024-04-28 19:29:57,583: INFO: main: >>>>>> stage Data Ingestion stage started <<<<<<]
[2024-04-28 19:29:57,589: INFO: common: yaml file: config\config.yaml loaded successfully]
[2024-04-28 19:29:57,589: INFO: common: yaml file: config\config.yaml loaded successfully]
[2024-04-28 19:29:57,591: INFO: common: yaml file: param.yaml loaded successfully]
[2024-04-28 19:29:57,591: INFO: common: yaml file: param.yaml loaded successfully]
[2024-04-28 19:29:57,596: INFO: common: yaml file: schema.yaml loaded successfully]
[2024-04-28 19:29:57,596: INFO: common: yaml file: schema.yaml loaded successfully]
[2024-04-28 19:29:57,598: INFO: common: created directory at: artifacts]
[2024-04-28 19:29:57,598: INFO: common: created directory at: artifacts]
[2024-04-28 19:29:57,598: INFO: common: created directory at: artifacts/data_ingestion]
[2024-04-28 19:29:57,598: INFO: common: created directory at: artifacts/data_ingestion]
[2024-04-28 19:29:58,092: INFO: data_ingestion: artifacts/data_ingestion/data.zip download! with following info: 
Connection: close
Content-Length: 23329
Cache-Control: max-age=300
Content-Security-Policy: default-src 'none'; style-src 'unsafe-inline'; sandbox
Content-Type: application/zip
ETag: "c69888a4ae59bc5a893392785a938ccd4937981c06ba8a9d6a21aa52b4ab5b6e"
Strict-Transport-Security: max-age=31536000
X-Content-Type-Options: nosniff
X-Frame-Options: deny
X-XSS-Protection: 1; mode=block
X-GitHub-Request-Id: 7BA8:2A2DDE:43E69C:514591:662E4A5E
Accept-Ranges: bytes
Date: Sun, 28 Apr 2024 13:59:58 GMT
Via: 1.1 varnish
X-Served-By: cache-bom4743-BOM
X-Cache: HIT
X-Cache-Hits: 1
X-Timer: S1714312798.024489,VS0,VE1
Vary: Authorization,Accept-Encoding,Origin
Access-Control-Allow-Origin: *
Cross-Origin-Resource-Policy: cross-origin
X-Fastly-Request-ID: c6d1b15ee677a548f5052e8a29b64b01645f687c
Expires: Sun, 28 Apr 2024 14:04:58 GMT
Source-Age: 26

]
[2024-04-28 19:29:58,092: INFO: data_ingestion: artifacts/data_ingestion/data.zip download! with following info: 
Connection: close
Content-Length: 23329
Cache-Control: max-age=300
Content-Security-Policy: default-src 'none'; style-src 'unsafe-inline'; sandbox
Content-Type: application/zip
ETag: "c69888a4ae59bc5a893392785a938ccd4937981c06ba8a9d6a21aa52b4ab5b6e"
Strict-Transport-Security: max-age=31536000
X-Content-Type-Options: nosniff
X-Frame-Options: deny
X-XSS-Protection: 1; mode=block
X-GitHub-Request-Id: 7BA8:2A2DDE:43E69C:514591:662E4A5E
Accept-Ranges: bytes
Date: Sun, 28 Apr 2024 13:59:58 GMT
Via: 1.1 varnish
X-Served-By: cache-bom4743-BOM
X-Cache: HIT
X-Cache-Hits: 1
X-Timer: S1714312798.024489,VS0,VE1
Vary: Authorization,Accept-Encoding,Origin
Access-Control-Allow-Origin: *
Cross-Origin-Resource-Policy: cross-origin
X-Fastly-Request-ID: c6d1b15ee677a548f5052e8a29b64b01645f687c
Expires: Sun, 28 Apr 2024 14:04:58 GMT
Source-Age: 26

]
[2024-04-28 19:29:58,098: INFO: main: >>>>>> stage Data Ingestion stage completed <<<<<<

x==========x]
[2024-04-28 19:29:58,098: INFO: main: >>>>>> stage Data Ingestion stage completed <<<<<<

x==========x]
[2024-04-28 19:29:58,099: INFO: main: >>>>>> stage Data Validation stage started <<<<<<]
[2024-04-28 19:29:58,099: INFO: main: >>>>>> stage Data Validation stage started <<<<<<]
[2024-04-28 19:29:58,103: INFO: common: yaml file: config\config.yaml loaded successfully]
[2024-04-28 19:29:58,103: INFO: common: yaml file: config\config.yaml loaded successfully]
[2024-04-28 19:29:58,107: INFO: common: yaml file: param.yaml loaded successfully]
[2024-04-28 19:29:58,107: INFO: common: yaml file: param.yaml loaded successfully]
[2024-04-28 19:29:58,113: INFO: common: yaml file: schema.yaml loaded successfully]
[2024-04-28 19:29:58,113: INFO: common: yaml file: schema.yaml loaded successfully]
[2024-04-28 19:29:58,117: INFO: common: created directory at: artifacts]
[2024-04-28 19:29:58,117: INFO: common: created directory at: artifacts]
[2024-04-28 19:29:58,119: INFO: common: created directory at: artifacts/data_validation]
[2024-04-28 19:29:58,119: INFO: common: created directory at: artifacts/data_validation]
[2024-04-28 19:29:58,131: INFO: main: >>>>>> stage Data Validation stage completed <<<<<<

x==========x]
[2024-04-28 19:29:58,131: INFO: main: >>>>>> stage Data Validation stage completed <<<<<<

x==========x]
[2024-04-28 19:29:58,134: INFO: main: >>>>>> stage Data Transformation stage started <<<<<<]
[2024-04-28 19:29:58,134: INFO: main: >>>>>> stage Data Transformation stage started <<<<<<]
[2024-04-28 19:29:58,142: INFO: common: yaml file: config\config.yaml loaded successfully]
[2024-04-28 19:29:58,142: INFO: common: yaml file: config\config.yaml loaded successfully]
[2024-04-28 19:29:58,145: INFO: common: yaml file: param.yaml loaded successfully]
[2024-04-28 19:29:58,145: INFO: common: yaml file: param.yaml loaded successfully]
[2024-04-28 19:29:58,151: INFO: common: yaml file: schema.yaml loaded successfully]
[2024-04-28 19:29:58,151: INFO: common: yaml file: schema.yaml loaded successfully]
[2024-04-28 19:29:58,153: INFO: common: created directory at: artifacts]
[2024-04-28 19:29:58,153: INFO: common: created directory at: artifacts]
[2024-04-28 19:29:58,157: INFO: common: created directory at: artifacts/data_transformation]
[2024-04-28 19:29:58,157: INFO: common: created directory at: artifacts/data_transformation]
[2024-04-28 19:29:58,178: INFO: data_transformation: Splited data into training and test sets]
[2024-04-28 19:29:58,178: INFO: data_transformation: Splited data into training and test sets]
[2024-04-28 19:29:58,179: INFO: data_transformation: (1199, 12)]
[2024-04-28 19:29:58,179: INFO: data_transformation: (1199, 12)]
[2024-04-28 19:29:58,179: INFO: data_transformation: (400, 12)]
[2024-04-28 19:29:58,179: INFO: data_transformation: (400, 12)]
[2024-04-28 19:29:58,181: INFO: main: >>>>>> stage Data Transformation stage completed <<<<<<

x==========x]
[2024-04-28 19:29:58,181: INFO: main: >>>>>> stage Data Transformation stage completed <<<<<<

x==========x]
[2024-04-28 19:29:58,181: INFO: main: >>>>>> stage Model Trainer stage started <<<<<<]
[2024-04-28 19:29:58,181: INFO: main: >>>>>> stage Model Trainer stage started <<<<<<]
[2024-04-28 19:29:58,186: INFO: common: yaml file: config\config.yaml loaded successfully]
[2024-04-28 19:29:58,186: INFO: common: yaml file: config\config.yaml loaded successfully]
[2024-04-28 19:29:58,188: INFO: common: yaml file: param.yaml loaded successfully]
[2024-04-28 19:29:58,188: INFO: common: yaml file: param.yaml loaded successfully]
[2024-04-28 19:29:58,191: INFO: common: yaml file: schema.yaml loaded successfully]
[2024-04-28 19:29:58,191: INFO: common: yaml file: schema.yaml loaded successfully]
[2024-04-28 19:29:58,193: INFO: common: created directory at: artifacts]
[2024-04-28 19:29:58,193: INFO: common: created directory at: artifacts]
[2024-04-28 19:29:58,194: INFO: common: created directory at: artifacts/model_trainer]
[2024-04-28 19:29:58,194: INFO: common: created directory at: artifacts/model_trainer]
[2024-04-28 19:29:58,209: INFO: main: >>>>>> stage Model Trainer stage completed <<<<<<

x==========x]
[2024-04-28 19:29:58,209: INFO: main: >>>>>> stage Model Trainer stage completed <<<<<<

x==========x]
[2024-04-28 19:32:28,315: INFO: common: yaml file: config\config.yaml loaded successfully]
[2024-04-28 19:32:28,320: INFO: common: yaml file: param.yaml loaded successfully]
[2024-04-28 19:32:28,325: INFO: common: yaml file: schema.yaml loaded successfully]
[2024-04-28 19:32:28,327: INFO: common: created directory at: artifacts]
[2024-04-28 19:32:28,329: INFO: common: created directory at: artifacts/model_evaluation]
[2024-04-28 19:32:28,415: INFO: common: json file saved at: artifacts\model_evaluation\metrics.json]
[2024-04-28 19:37:26,100: INFO: main: >>>>>> stage Data Ingestion stage started <<<<<<]
[2024-04-28 19:37:26,100: INFO: main: >>>>>> stage Data Ingestion stage started <<<<<<]
[2024-04-28 19:37:26,104: INFO: common: yaml file: config\config.yaml loaded successfully]
[2024-04-28 19:37:26,104: INFO: common: yaml file: config\config.yaml loaded successfully]
[2024-04-28 19:37:26,109: INFO: common: yaml file: param.yaml loaded successfully]
[2024-04-28 19:37:26,109: INFO: common: yaml file: param.yaml loaded successfully]
[2024-04-28 19:37:26,114: INFO: common: yaml file: schema.yaml loaded successfully]
[2024-04-28 19:37:26,114: INFO: common: yaml file: schema.yaml loaded successfully]
[2024-04-28 19:37:26,115: INFO: common: created directory at: artifacts]
[2024-04-28 19:37:26,115: INFO: common: created directory at: artifacts]
[2024-04-28 19:37:26,115: INFO: common: created directory at: artifacts/data_ingestion]
[2024-04-28 19:37:26,115: INFO: common: created directory at: artifacts/data_ingestion]
[2024-04-28 19:37:27,176: INFO: data_ingestion: artifacts/data_ingestion/data.zip download! with following info: 
Connection: close
Content-Length: 23329
Cache-Control: max-age=300
Content-Security-Policy: default-src 'none'; style-src 'unsafe-inline'; sandbox
Content-Type: application/zip
ETag: "c69888a4ae59bc5a893392785a938ccd4937981c06ba8a9d6a21aa52b4ab5b6e"
Strict-Transport-Security: max-age=31536000
X-Content-Type-Options: nosniff
X-Frame-Options: deny
X-XSS-Protection: 1; mode=block
X-GitHub-Request-Id: 7BA8:2A2DDE:43E69C:514591:662E4A5E
Accept-Ranges: bytes
Date: Sun, 28 Apr 2024 14:07:27 GMT
Via: 1.1 varnish
X-Served-By: cache-bom4732-BOM
X-Cache: HIT
X-Cache-Hits: 0
X-Timer: S1714313247.853665,VS0,VE251
Vary: Authorization,Accept-Encoding,Origin
Access-Control-Allow-Origin: *
Cross-Origin-Resource-Policy: cross-origin
X-Fastly-Request-ID: c244865d0101b310ceba22a90fe8d3bdf23f298e
Expires: Sun, 28 Apr 2024 14:12:27 GMT
Source-Age: 0

]
[2024-04-28 19:37:27,176: INFO: data_ingestion: artifacts/data_ingestion/data.zip download! with following info: 
Connection: close
Content-Length: 23329
Cache-Control: max-age=300
Content-Security-Policy: default-src 'none'; style-src 'unsafe-inline'; sandbox
Content-Type: application/zip
ETag: "c69888a4ae59bc5a893392785a938ccd4937981c06ba8a9d6a21aa52b4ab5b6e"
Strict-Transport-Security: max-age=31536000
X-Content-Type-Options: nosniff
X-Frame-Options: deny
X-XSS-Protection: 1; mode=block
X-GitHub-Request-Id: 7BA8:2A2DDE:43E69C:514591:662E4A5E
Accept-Ranges: bytes
Date: Sun, 28 Apr 2024 14:07:27 GMT
Via: 1.1 varnish
X-Served-By: cache-bom4732-BOM
X-Cache: HIT
X-Cache-Hits: 0
X-Timer: S1714313247.853665,VS0,VE251
Vary: Authorization,Accept-Encoding,Origin
Access-Control-Allow-Origin: *
Cross-Origin-Resource-Policy: cross-origin
X-Fastly-Request-ID: c244865d0101b310ceba22a90fe8d3bdf23f298e
Expires: Sun, 28 Apr 2024 14:12:27 GMT
Source-Age: 0

]
[2024-04-28 19:37:27,182: INFO: main: >>>>>> stage Data Ingestion stage completed <<<<<<

x==========x]
[2024-04-28 19:37:27,182: INFO: main: >>>>>> stage Data Ingestion stage completed <<<<<<

x==========x]
[2024-04-28 19:37:27,182: INFO: main: >>>>>> stage Data Validation stage started <<<<<<]
[2024-04-28 19:37:27,182: INFO: main: >>>>>> stage Data Validation stage started <<<<<<]
[2024-04-28 19:37:27,190: INFO: common: yaml file: config\config.yaml loaded successfully]
[2024-04-28 19:37:27,190: INFO: common: yaml file: config\config.yaml loaded successfully]
[2024-04-28 19:37:27,192: INFO: common: yaml file: param.yaml loaded successfully]
[2024-04-28 19:37:27,192: INFO: common: yaml file: param.yaml loaded successfully]
[2024-04-28 19:37:27,195: INFO: common: yaml file: schema.yaml loaded successfully]
[2024-04-28 19:37:27,195: INFO: common: yaml file: schema.yaml loaded successfully]
[2024-04-28 19:37:27,197: INFO: common: created directory at: artifacts]
[2024-04-28 19:37:27,197: INFO: common: created directory at: artifacts]
[2024-04-28 19:37:27,198: INFO: common: created directory at: artifacts/data_validation]
[2024-04-28 19:37:27,198: INFO: common: created directory at: artifacts/data_validation]
[2024-04-28 19:37:27,203: INFO: main: >>>>>> stage Data Validation stage completed <<<<<<

x==========x]
[2024-04-28 19:37:27,203: INFO: main: >>>>>> stage Data Validation stage completed <<<<<<

x==========x]
[2024-04-28 19:37:27,208: INFO: main: >>>>>> stage Data Transformation stage started <<<<<<]
[2024-04-28 19:37:27,208: INFO: main: >>>>>> stage Data Transformation stage started <<<<<<]
[2024-04-28 19:37:27,215: INFO: common: yaml file: config\config.yaml loaded successfully]
[2024-04-28 19:37:27,215: INFO: common: yaml file: config\config.yaml loaded successfully]
[2024-04-28 19:37:27,218: INFO: common: yaml file: param.yaml loaded successfully]
[2024-04-28 19:37:27,218: INFO: common: yaml file: param.yaml loaded successfully]
[2024-04-28 19:37:27,223: INFO: common: yaml file: schema.yaml loaded successfully]
[2024-04-28 19:37:27,223: INFO: common: yaml file: schema.yaml loaded successfully]
[2024-04-28 19:37:27,225: INFO: common: created directory at: artifacts]
[2024-04-28 19:37:27,225: INFO: common: created directory at: artifacts]
[2024-04-28 19:37:27,226: INFO: common: created directory at: artifacts/data_transformation]
[2024-04-28 19:37:27,226: INFO: common: created directory at: artifacts/data_transformation]
[2024-04-28 19:37:27,257: INFO: data_transformation: Splited data into training and test sets]
[2024-04-28 19:37:27,257: INFO: data_transformation: Splited data into training and test sets]
[2024-04-28 19:37:27,258: INFO: data_transformation: (1199, 12)]
[2024-04-28 19:37:27,258: INFO: data_transformation: (1199, 12)]
[2024-04-28 19:37:27,259: INFO: data_transformation: (400, 12)]
[2024-04-28 19:37:27,259: INFO: data_transformation: (400, 12)]
[2024-04-28 19:37:27,262: INFO: main: >>>>>> stage Data Transformation stage completed <<<<<<

x==========x]
[2024-04-28 19:37:27,262: INFO: main: >>>>>> stage Data Transformation stage completed <<<<<<

x==========x]
[2024-04-28 19:37:27,263: INFO: main: >>>>>> stage Model Trainer stage started <<<<<<]
[2024-04-28 19:37:27,263: INFO: main: >>>>>> stage Model Trainer stage started <<<<<<]
[2024-04-28 19:37:27,272: INFO: common: yaml file: config\config.yaml loaded successfully]
[2024-04-28 19:37:27,272: INFO: common: yaml file: config\config.yaml loaded successfully]
[2024-04-28 19:37:27,273: INFO: common: yaml file: param.yaml loaded successfully]
[2024-04-28 19:37:27,273: INFO: common: yaml file: param.yaml loaded successfully]
[2024-04-28 19:37:27,279: INFO: common: yaml file: schema.yaml loaded successfully]
[2024-04-28 19:37:27,279: INFO: common: yaml file: schema.yaml loaded successfully]
[2024-04-28 19:37:27,280: INFO: common: created directory at: artifacts]
[2024-04-28 19:37:27,280: INFO: common: created directory at: artifacts]
[2024-04-28 19:37:27,282: INFO: common: created directory at: artifacts/model_trainer]
[2024-04-28 19:37:27,282: INFO: common: created directory at: artifacts/model_trainer]
[2024-04-28 19:37:27,302: INFO: main: >>>>>> stage Model Trainer stage completed <<<<<<

x==========x]
[2024-04-28 19:37:27,302: INFO: main: >>>>>> stage Model Trainer stage completed <<<<<<

x==========x]
[2024-04-28 19:37:27,303: INFO: main: >>>>>> stage Model evaluation stage started <<<<<<]
[2024-04-28 19:37:27,303: INFO: main: >>>>>> stage Model evaluation stage started <<<<<<]
[2024-04-28 19:37:27,311: INFO: common: yaml file: config\config.yaml loaded successfully]
[2024-04-28 19:37:27,311: INFO: common: yaml file: config\config.yaml loaded successfully]
[2024-04-28 19:37:27,313: INFO: common: yaml file: param.yaml loaded successfully]
[2024-04-28 19:37:27,313: INFO: common: yaml file: param.yaml loaded successfully]
[2024-04-28 19:37:27,319: INFO: common: yaml file: schema.yaml loaded successfully]
[2024-04-28 19:37:27,319: INFO: common: yaml file: schema.yaml loaded successfully]
[2024-04-28 19:37:27,321: INFO: common: created directory at: artifacts]
[2024-04-28 19:37:27,321: INFO: common: created directory at: artifacts]
[2024-04-28 19:37:27,322: INFO: common: created directory at: artifacts/model_evaluation]
[2024-04-28 19:37:27,322: INFO: common: created directory at: artifacts/model_evaluation]
[2024-04-28 19:37:27,336: INFO: common: json file saved at: artifacts\model_evaluation\metrics.json]
[2024-04-28 19:37:27,336: INFO: common: json file saved at: artifacts\model_evaluation\metrics.json]
[2024-04-28 19:37:27,336: INFO: main: >>>>>> stage Model evaluation stage completed <<<<<<

x==========x]
[2024-04-28 19:37:27,336: INFO: main: >>>>>> stage Model evaluation stage completed <<<<<<

x==========x]
